E, [2017-08-12T07:16:14.554753 #42835] ERROR -- Kitchen: ------Exception-------
E, [2017-08-12T07:16:14.554848 #42835] ERROR -- Kitchen: Class: Kitchen::UserError
E, [2017-08-12T07:16:14.554864 #42835] ERROR -- Kitchen: Message: Kitchen YAML file /Users/sharepointoscar/git-repos/OscarTheChef/cookbooks/.kitchen.yml does not exist.
E, [2017-08-12T07:16:14.554875 #42835] ERROR -- Kitchen: ----------------------
E, [2017-08-12T07:16:14.554885 #42835] ERROR -- Kitchen: ------Backtrace-------
E, [2017-08-12T07:16:14.554894 #42835] ERROR -- Kitchen: /Users/sharepointoscar/.rvm/gems/ruby-2.3.3/gems/test-kitchen-1.16.0/lib/kitchen/loader/yaml.rb:71:in `read'
E, [2017-08-12T07:16:14.554906 #42835] ERROR -- Kitchen: /Users/sharepointoscar/.rvm/gems/ruby-2.3.3/gems/test-kitchen-1.16.0/lib/kitchen/config.rb:152:in `data'
E, [2017-08-12T07:16:14.554916 #42835] ERROR -- Kitchen: /Users/sharepointoscar/.rvm/gems/ruby-2.3.3/gems/test-kitchen-1.16.0/lib/kitchen/config.rb:131:in `suites'
E, [2017-08-12T07:16:14.554924 #42835] ERROR -- Kitchen: /Users/sharepointoscar/.rvm/gems/ruby-2.3.3/gems/test-kitchen-1.16.0/lib/kitchen/config.rb:182:in `filter_instances'
E, [2017-08-12T07:16:14.554949 #42835] ERROR -- Kitchen: /Users/sharepointoscar/.rvm/gems/ruby-2.3.3/gems/test-kitchen-1.16.0/lib/kitchen/config.rb:141:in `build_instances'
E, [2017-08-12T07:16:14.554958 #42835] ERROR -- Kitchen: /Users/sharepointoscar/.rvm/gems/ruby-2.3.3/gems/test-kitchen-1.16.0/lib/kitchen/config.rb:117:in `instances'
E, [2017-08-12T07:16:14.554967 #42835] ERROR -- Kitchen: /Users/sharepointoscar/.rvm/gems/ruby-2.3.3/gems/test-kitchen-1.16.0/lib/kitchen/command.rb:112:in `filtered_instances'
E, [2017-08-12T07:16:14.554975 #42835] ERROR -- Kitchen: /Users/sharepointoscar/.rvm/gems/ruby-2.3.3/gems/test-kitchen-1.16.0/lib/kitchen/command.rb:142:in `parse_subcommand'
E, [2017-08-12T07:16:14.554984 #42835] ERROR -- Kitchen: /Users/sharepointoscar/.rvm/gems/ruby-2.3.3/gems/test-kitchen-1.16.0/lib/kitchen/command/list.rb:30:in `call'
E, [2017-08-12T07:16:14.554992 #42835] ERROR -- Kitchen: /Users/sharepointoscar/.rvm/gems/ruby-2.3.3/gems/test-kitchen-1.16.0/lib/kitchen/cli.rb:53:in `perform'
E, [2017-08-12T07:16:14.555000 #42835] ERROR -- Kitchen: /Users/sharepointoscar/.rvm/gems/ruby-2.3.3/gems/test-kitchen-1.16.0/lib/kitchen/cli.rb:121:in `list'
E, [2017-08-12T07:16:14.555011 #42835] ERROR -- Kitchen: /Users/sharepointoscar/.rvm/gems/ruby-2.3.3/gems/thor-0.19.1/lib/thor/command.rb:27:in `run'
E, [2017-08-12T07:16:14.555020 #42835] ERROR -- Kitchen: /Users/sharepointoscar/.rvm/gems/ruby-2.3.3/gems/thor-0.19.1/lib/thor/invocation.rb:126:in `invoke_command'
E, [2017-08-12T07:16:14.555028 #42835] ERROR -- Kitchen: /Users/sharepointoscar/.rvm/gems/ruby-2.3.3/gems/test-kitchen-1.16.0/lib/kitchen/cli.rb:334:in `invoke_task'
E, [2017-08-12T07:16:14.555037 #42835] ERROR -- Kitchen: /Users/sharepointoscar/.rvm/gems/ruby-2.3.3/gems/thor-0.19.1/lib/thor.rb:359:in `dispatch'
E, [2017-08-12T07:16:14.555046 #42835] ERROR -- Kitchen: /Users/sharepointoscar/.rvm/gems/ruby-2.3.3/gems/thor-0.19.1/lib/thor/base.rb:440:in `start'
E, [2017-08-12T07:16:14.555054 #42835] ERROR -- Kitchen: /Users/sharepointoscar/.rvm/gems/ruby-2.3.3/gems/test-kitchen-1.16.0/bin/kitchen:13:in `block in <top (required)>'
E, [2017-08-12T07:16:14.555063 #42835] ERROR -- Kitchen: /Users/sharepointoscar/.rvm/gems/ruby-2.3.3/gems/test-kitchen-1.16.0/lib/kitchen/errors.rb:171:in `with_friendly_errors'
E, [2017-08-12T07:16:14.555072 #42835] ERROR -- Kitchen: /Users/sharepointoscar/.rvm/gems/ruby-2.3.3/gems/test-kitchen-1.16.0/bin/kitchen:13:in `<top (required)>'
E, [2017-08-12T07:16:14.555080 #42835] ERROR -- Kitchen: /Users/sharepointoscar/.rvm/gems/ruby-2.3.3/bin/kitchen:22:in `load'
E, [2017-08-12T07:16:14.555089 #42835] ERROR -- Kitchen: /Users/sharepointoscar/.rvm/gems/ruby-2.3.3/bin/kitchen:22:in `<main>'
E, [2017-08-12T07:16:14.555099 #42835] ERROR -- Kitchen: /Users/sharepointoscar/.rvm/gems/ruby-2.3.3/bin/ruby_executable_hooks:15:in `eval'
E, [2017-08-12T07:16:14.555107 #42835] ERROR -- Kitchen: /Users/sharepointoscar/.rvm/gems/ruby-2.3.3/bin/ruby_executable_hooks:15:in `<main>'
E, [2017-08-12T07:16:14.555351 #42835] ERROR -- Kitchen: ----End Backtrace-----
